2025-02-16 10:25:03,006 [INFO] Activator:176 - 


2025-02-16 10:25:03,006 [INFO] Activator:177 - !SESSION log4j initialized
2025-02-16 10:25:04,209 [INFO] LogOutputStream:77 - [STDOUT_REDIRECT] 
2025-02-16 10:25:04,619 [ERROR] LogOutputStream:75 - [STDERR_REDIRECT] java.net.URISyntaxException: Illegal character in path at index 38: file:/home/brandon/Desktop/Electronics projects/Toyota_Gauge_Pod/LCD_Demo/STM32/.metadata/.log4j2.xml
2025-02-16 10:25:04,620 [ERROR] LogOutputStream:75 - [STDERR_REDIRECT] 	at java.base/java.net.URI$Parser.fail(URI.java:2976)
2025-02-16 10:25:04,620 [ERROR] LogOutputStream:75 - [STDERR_REDIRECT] 	at java.base/java.net.URI$Parser.checkChars(URI.java:3147)
2025-02-16 10:25:04,620 [ERROR] LogOutputStream:75 - [STDERR_REDIRECT] 	at java.base/java.net.URI$Parser.parseHierarchical(URI.java:3229)
2025-02-16 10:25:04,620 [ERROR] LogOutputStream:75 - [STDERR_REDIRECT] 	at java.base/java.net.URI$Parser.parse(URI.java:3177)
2025-02-16 10:25:04,620 [ERROR] LogOutputStream:75 - [STDERR_REDIRECT] 	at java.base/java.net.URI.<init>(URI.java:623)
2025-02-16 10:25:04,620 [ERROR] LogOutputStream:75 - [STDERR_REDIRECT] 	at java.base/java.net.URL.toURI(URL.java:1056)
2025-02-16 10:25:04,620 [ERROR] LogOutputStream:75 - [STDERR_REDIRECT] 	at com.st.stm32cube.common.mx.core.CubeMxInstance.getInstance(CubeMxInstance.java:81)
2025-02-16 10:25:04,620 [ERROR] LogOutputStream:75 - [STDERR_REDIRECT] 	at com.st.stm32cube.common.mx.userauth.UserAuthAdapter.<init>(UserAuthAdapter.java:25)
2025-02-16 10:25:04,620 [ERROR] LogOutputStream:75 - [STDERR_REDIRECT] 	at com.st.stm32cube.common.mx.userauth.UserAuthProvider.getUserAuthAdapter(UserAuthProvider.java:16)
2025-02-16 10:25:04,620 [ERROR] LogOutputStream:75 - [STDERR_REDIRECT] 	at com.st.stm32cube.common.ecosystemintegration.ui.core.MCUEcoSystemIntegrationUiHelper.getUserAuth(MCUEcoSystemIntegrationUiHelper.java:100)
2025-02-16 10:25:04,620 [ERROR] LogOutputStream:75 - [STDERR_REDIRECT] 	at com.st.stm32cube.ide.mcu.userauth.UserAuthStartup.earlyStartup(UserAuthStartup.java:41)
2025-02-16 10:25:04,620 [ERROR] LogOutputStream:75 - [STDERR_REDIRECT] 	at org.eclipse.ui.internal.EarlyStartupRunnable.runEarlyStartup(EarlyStartupRunnable.java:79)
2025-02-16 10:25:04,620 [ERROR] LogOutputStream:75 - [STDERR_REDIRECT] 	at org.eclipse.ui.internal.EarlyStartupRunnable.run(EarlyStartupRunnable.java:55)
2025-02-16 10:25:04,620 [ERROR] LogOutputStream:75 - [STDERR_REDIRECT] 	at org.eclipse.core.runtime.SafeRunner.run(SafeRunner.java:47)
2025-02-16 10:25:04,621 [ERROR] LogOutputStream:75 - [STDERR_REDIRECT] 	at org.eclipse.ui.internal.Workbench$39.run(Workbench.java:2762)
2025-02-16 10:25:04,621 [ERROR] LogOutputStream:75 - [STDERR_REDIRECT] 	at org.eclipse.core.internal.jobs.Worker.run(Worker.java:63)
2025-02-16 10:25:05,507 [ERROR] LogOutputStream:75 - [STDERR_REDIRECT] Feb 16, 2025 10:25:05 AM java.util.prefs.FileSystemPreferences$2 run
2025-02-16 10:25:05,507 [ERROR] LogOutputStream:75 - [STDERR_REDIRECT] WARNING: Could not create system preferences directory. System preferences are unusable.
2025-02-16 10:25:05,507 [ERROR] LogOutputStream:75 - [STDERR_REDIRECT] 
2025-02-16 10:25:08,363 [INFO] LogOutputStream:77 - [STDOUT_REDIRECT] 1 : Invalid condition id : UX_CORESTACK_Condition cause : null
2025-02-16 10:25:08,363 [INFO] LogOutputStream:77 - [STDOUT_REDIRECT] 1 : Invalid condition id : UX_CORESTACK_Condition cause : null
2025-02-16 10:25:08,363 [INFO] LogOutputStream:77 - [STDOUT_REDIRECT] 1 : Invalid condition id : UX_CORESTACK_Condition cause : null
2025-02-16 10:25:08,363 [INFO] LogOutputStream:77 - [STDOUT_REDIRECT] 1 : Invalid condition id : UX_CORESTACK_Condition cause : null
2025-02-16 10:25:08,363 [INFO] LogOutputStream:77 - [STDOUT_REDIRECT] 1 : Invalid condition id : UX_CORESTACK_Condition cause : null
2025-02-16 10:25:34,442 [ERROR] LogOutputStream:75 - [STDERR_REDIRECT] Feb 16, 2025 10:25:34 AM java.util.prefs.FileSystemPreferences checkLockFile0ErrorCode
2025-02-16 10:25:34,442 [ERROR] LogOutputStream:75 - [STDERR_REDIRECT] WARNING: Could not lock System prefs. Unix error code 31286.
2025-02-16 10:25:34,442 [ERROR] LogOutputStream:75 - [STDERR_REDIRECT] 
2025-02-16 10:25:34,443 [ERROR] LogOutputStream:75 - [STDERR_REDIRECT] Feb 16, 2025 10:25:34 AM java.util.prefs.FileSystemPreferences syncWorld
2025-02-16 10:25:34,443 [ERROR] LogOutputStream:75 - [STDERR_REDIRECT] WARNING: Couldn't flush system prefs: java.util.prefs.BackingStoreException: Couldn't get file lock.
2025-02-16 10:25:34,443 [ERROR] LogOutputStream:75 - [STDERR_REDIRECT] 
2025-02-16 10:26:04,438 [ERROR] LogOutputStream:75 - [STDERR_REDIRECT] Feb 16, 2025 10:26:04 AM java.util.prefs.FileSystemPreferences checkLockFile0ErrorCode
2025-02-16 10:26:04,438 [ERROR] LogOutputStream:75 - [STDERR_REDIRECT] WARNING: Could not lock System prefs. Unix error code 31286.
2025-02-16 10:26:04,438 [ERROR] LogOutputStream:75 - [STDERR_REDIRECT] 
2025-02-16 10:26:04,439 [ERROR] LogOutputStream:75 - [STDERR_REDIRECT] Feb 16, 2025 10:26:04 AM java.util.prefs.FileSystemPreferences syncWorld
2025-02-16 10:26:04,439 [ERROR] LogOutputStream:75 - [STDERR_REDIRECT] WARNING: Couldn't flush system prefs: java.util.prefs.BackingStoreException: Couldn't get file lock.
2025-02-16 10:26:04,439 [ERROR] LogOutputStream:75 - [STDERR_REDIRECT] 
2025-02-16 10:26:34,437 [ERROR] LogOutputStream:75 - [STDERR_REDIRECT] Feb 16, 2025 10:26:34 AM java.util.prefs.FileSystemPreferences checkLockFile0ErrorCode
2025-02-16 10:26:34,438 [ERROR] LogOutputStream:75 - [STDERR_REDIRECT] WARNING: Could not lock System prefs. Unix error code 31286.
2025-02-16 10:26:34,438 [ERROR] LogOutputStream:75 - [STDERR_REDIRECT] 
2025-02-16 10:26:34,438 [ERROR] LogOutputStream:75 - [STDERR_REDIRECT] Feb 16, 2025 10:26:34 AM java.util.prefs.FileSystemPreferences syncWorld
2025-02-16 10:26:34,439 [ERROR] LogOutputStream:75 - [STDERR_REDIRECT] WARNING: Couldn't flush system prefs: java.util.prefs.BackingStoreException: Couldn't get file lock.
2025-02-16 10:26:34,439 [ERROR] LogOutputStream:75 - [STDERR_REDIRECT] 
2025-02-16 10:27:04,437 [ERROR] LogOutputStream:75 - [STDERR_REDIRECT] Feb 16, 2025 10:27:04 AM java.util.prefs.FileSystemPreferences checkLockFile0ErrorCode
2025-02-16 10:27:04,437 [ERROR] LogOutputStream:75 - [STDERR_REDIRECT] WARNING: Could not lock System prefs. Unix error code 31286.
2025-02-16 10:27:04,438 [ERROR] LogOutputStream:75 - [STDERR_REDIRECT] 
2025-02-16 10:27:04,439 [ERROR] LogOutputStream:75 - [STDERR_REDIRECT] Feb 16, 2025 10:27:04 AM java.util.prefs.FileSystemPreferences syncWorld
2025-02-16 10:27:04,439 [ERROR] LogOutputStream:75 - [STDERR_REDIRECT] WARNING: Couldn't flush system prefs: java.util.prefs.BackingStoreException: Couldn't get file lock.
2025-02-16 10:27:04,439 [ERROR] LogOutputStream:75 - [STDERR_REDIRECT] 
2025-02-16 10:27:34,438 [ERROR] LogOutputStream:75 - [STDERR_REDIRECT] Feb 16, 2025 10:27:34 AM java.util.prefs.FileSystemPreferences checkLockFile0ErrorCode
2025-02-16 10:27:34,438 [ERROR] LogOutputStream:75 - [STDERR_REDIRECT] WARNING: Could not lock System prefs. Unix error code 31286.
2025-02-16 10:27:34,438 [ERROR] LogOutputStream:75 - [STDERR_REDIRECT] 
2025-02-16 10:27:34,439 [ERROR] LogOutputStream:75 - [STDERR_REDIRECT] Feb 16, 2025 10:27:34 AM java.util.prefs.FileSystemPreferences syncWorld
2025-02-16 10:27:34,439 [ERROR] LogOutputStream:75 - [STDERR_REDIRECT] WARNING: Couldn't flush system prefs: java.util.prefs.BackingStoreException: Couldn't get file lock.
2025-02-16 10:27:34,439 [ERROR] LogOutputStream:75 - [STDERR_REDIRECT] 
2025-02-16 10:28:04,438 [ERROR] LogOutputStream:75 - [STDERR_REDIRECT] Feb 16, 2025 10:28:04 AM java.util.prefs.FileSystemPreferences checkLockFile0ErrorCode
2025-02-16 10:28:04,438 [ERROR] LogOutputStream:75 - [STDERR_REDIRECT] WARNING: Could not lock System prefs. Unix error code 31286.
2025-02-16 10:28:04,438 [ERROR] LogOutputStream:75 - [STDERR_REDIRECT] 
2025-02-16 10:28:04,439 [ERROR] LogOutputStream:75 - [STDERR_REDIRECT] Feb 16, 2025 10:28:04 AM java.util.prefs.FileSystemPreferences syncWorld
2025-02-16 10:28:04,439 [ERROR] LogOutputStream:75 - [STDERR_REDIRECT] WARNING: Couldn't flush system prefs: java.util.prefs.BackingStoreException: Couldn't get file lock.
2025-02-16 10:28:04,439 [ERROR] LogOutputStream:75 - [STDERR_REDIRECT] 
2025-02-16 10:28:34,438 [ERROR] LogOutputStream:75 - [STDERR_REDIRECT] Feb 16, 2025 10:28:34 AM java.util.prefs.FileSystemPreferences checkLockFile0ErrorCode
2025-02-16 10:28:34,438 [ERROR] LogOutputStream:75 - [STDERR_REDIRECT] WARNING: Could not lock System prefs. Unix error code 31286.
2025-02-16 10:28:34,438 [ERROR] LogOutputStream:75 - [STDERR_REDIRECT] 
2025-02-16 10:28:34,439 [ERROR] LogOutputStream:75 - [STDERR_REDIRECT] Feb 16, 2025 10:28:34 AM java.util.prefs.FileSystemPreferences syncWorld
2025-02-16 10:28:34,439 [ERROR] LogOutputStream:75 - [STDERR_REDIRECT] WARNING: Couldn't flush system prefs: java.util.prefs.BackingStoreException: Couldn't get file lock.
2025-02-16 10:28:34,439 [ERROR] LogOutputStream:75 - [STDERR_REDIRECT] 
2025-02-16 10:28:58,868 [ERROR] LogOutputStream:75 - [STDERR_REDIRECT] 
